<?xml version='1.0' encoding='UTF-8'?>
<testsuite hostname="Christian" name="AsciiRayTracerTest" tests="1" errors="0" failures="0" skipped="0" time="397.452" timestamp="2026-03-25T16:15:45">
          <properties>
[...]
</properties>
          <testcase classname="AsciiRayTracerTest" name="AsciiRayTracer should render a simple frame RUBBERDUCK" time="397.452">
                      
                    </testcase>
          <system-out><![CDATA[]]></system-out>
          <system-err><![CDATA[]]></system-err>
        </testsuite>