<?xml version='1.0' encoding='UTF-8'?>
<testsuite hostname="Rifki" name="SoftwareSimulationTest" tests="1" errors="0" failures="0" skipped="0" time="0.276" timestamp="2026-03-25T12:36:05">
          <properties>
[...]
</properties>
          <testcase classname="SoftwareSimulationTest" name="Software simulation should generate ASCII art" time="0.276">
                      
                    </testcase>
          <system-out><![CDATA[]]></system-out>
          <system-err><![CDATA[]]></system-err>
        </testsuite>